2025-01-28 17:29:51,202 - Honeypot started on 0.0.0.0:2222
2025-01-28 17:33:04,675 - Honeypot started on 0.0.0.0:2222
2025-01-28 17:35:59,330 - Connected (version 2.0, client OpenSSH_for_Windows_9.5)
2025-01-28 17:36:08,679 - Auth rejected (none).
2025-01-28 17:36:09,691 - Socket exception: An operation was attempted on something that is not a socket (10038)
2025-01-28 17:36:45,717 - Connected (version 2.0, client OpenSSH_for_Windows_9.5)
2025-01-28 17:36:45,728 - Socket exception: An existing connection was forcibly closed by the remote host (10054)
2025-01-28 17:36:45,729 - Error: [WinError 10054] An existing connection was forcibly closed by the remote host
2025-01-28 17:36:54,580 - Connected (version 2.0, client OpenSSH_for_Windows_9.5)
2025-01-28 17:36:54,588 - Socket exception: An existing connection was forcibly closed by the remote host (10054)
2025-01-28 17:36:54,589 - Error: [WinError 10054] An existing connection was forcibly closed by the remote host
2025-01-28 17:37:20,876 - Connected (version 2.0, client OpenSSH_9.9)
2025-01-28 17:37:20,885 - Error: 
2025-01-28 17:40:00,737 - Connected (version 2.0, client OpenSSH_for_Windows_9.5)
2025-01-28 17:40:00,746 - Socket exception: An existing connection was forcibly closed by the remote host (10054)
2025-01-28 17:40:00,746 - Error: [WinError 10054] An existing connection was forcibly closed by the remote host
2025-01-28 17:41:13,469 - Connected (version 2.0, client OpenSSH_8.9p1)
2025-01-28 17:41:18,596 - Auth rejected (none).
2025-01-28 17:41:19,600 - Socket exception: An operation was attempted on something that is not a socket (10038)
2025-01-28 17:41:29,315 - Connected (version 2.0, client OpenSSH_8.9p1)
2025-01-28 17:41:29,321 - Error: 
2025-01-28 17:44:06,503 - Honeypot started on 0.0.0.0:2222
2025-01-28 17:53:10,459 - Honeypot started on 0.0.0.0:2222
2025-01-28 17:53:28,804 - Connected (version 2.0, client OpenSSH_8.4p1)
2025-01-28 17:53:31,211 - Auth rejected (none).
2025-01-28 17:53:32,184 - Socket exception: An operation was attempted on something that is not a socket (10038)
2025-01-28 17:53:42,691 - Connected (version 2.0, client OpenSSH_8.4p1)
2025-01-28 17:53:42,698 - Error: 
